<?xml version="1.0" encoding="UTF-8"?>
<!-- Generated by org.testng.reporters.JUnitReportReporter -->
<testsuite hostname="LAPTOP-B9DIDO3C" failures="0" tests="8" name="com.orangehrm.testing.runner.runnerio" time="0.373" errors="8" timestamp="2026-04-17T08:38:47 IST" skipped="0">
  <testcase classname="com.orangehrm.testing.runner.runnerio" name="runScenario" time="0.011">
    <error message="The step &#039;user launches browser and opens application&#039; and 8 other step(s) are undefined.
You can implement these steps using the snippet(s) below:

@Given(&quot;user launches browser and opens application&quot;)
public void user_launches_browser_and_opens_application() {
    // Write code here that turns the phrase above into concrete actions
    throw new io.cucumber.java.PendingException();
}
@When(&quot;user enters valid username {string} and password {string}&quot;)
public void user_enters_valid_username_and_password(String string, String string2) {
    // Write code here that turns the phrase above into concrete actions
    throw new io.cucumber.java.PendingException();
}
@When(&quot;user clicks login button&quot;)
public void user_clicks_login_button() {
    // Write code here that turns the phrase above into concrete actions
    throw new io.cucumber.java.PendingException();
}
@Then(&quot;user should see dashboard page with all elements&quot;)
public void user_should_see_dashboard_page_with_all_elements() {
    // Write code here that turns the phrase above into concrete actions
    throw new io.cucumber.java.PendingException();
}
@When(&quot;user navigates to education&quot;)
public void user_navigates_to_education() {
    // Write code here that turns the phrase above into concrete actions
    throw new io.cucumber.java.PendingException();
}
@When(&quot;user clicks add button&quot;)
public void user_clicks_add_button() {
    // Write code here that turns the phrase above into concrete actions
    throw new io.cucumber.java.PendingException();
}
@When(&quot;user enters education name {string}&quot;)
public void user_enters_education_name(String string) {
    // Write code here that turns the phrase above into concrete actions
    throw new io.cucumber.java.PendingException();
}
@When(&quot;user clicks save button&quot;)
public void user_clicks_save_button() {
    // Write code here that turns the phrase above into concrete actions
    throw new io.cucumber.java.PendingException();
}
@Then(&quot;education should be added successfully&quot;)
public void education_should_be_added_successfully() {
    // Write code here that turns the phrase above into concrete actions
    throw new io.cucumber.java.PendingException();
}
" type="io.cucumber.testng.UndefinedStepException">
      <![CDATA[io.cucumber.testng.UndefinedStepException: The step 'user launches browser and opens application' and 8 other step(s) are undefined.
You can implement these steps using the snippet(s) below:

@Given("user launches browser and opens application")
public void user_launches_browser_and_opens_application() {
    // Write code here that turns the phrase above into concrete actions
    throw new io.cucumber.java.PendingException();
}
@When("user enters valid username {string} and password {string}")
public void user_enters_valid_username_and_password(String string, String string2) {
    // Write code here that turns the phrase above into concrete actions
    throw new io.cucumber.java.PendingException();
}
@When("user clicks login button")
public void user_clicks_login_button() {
    // Write code here that turns the phrase above into concrete actions
    throw new io.cucumber.java.PendingException();
}
@Then("user should see dashboard page with all elements")
public void user_should_see_dashboard_page_with_all_elements() {
    // Write code here that turns the phrase above into concrete actions
    throw new io.cucumber.java.PendingException();
}
@When("user navigates to education")
public void user_navigates_to_education() {
    // Write code here that turns the phrase above into concrete actions
    throw new io.cucumber.java.PendingException();
}
@When("user clicks add button")
public void user_clicks_add_button() {
    // Write code here that turns the phrase above into concrete actions
    throw new io.cucumber.java.PendingException();
}
@When("user enters education name {string}")
public void user_enters_education_name(String string) {
    // Write code here that turns the phrase above into concrete actions
    throw new io.cucumber.java.PendingException();
}
@When("user clicks save button")
public void user_clicks_save_button() {
    // Write code here that turns the phrase above into concrete actions
    throw new io.cucumber.java.PendingException();
}
@Then("education should be added successfully")
public void education_should_be_added_successfully() {
    // Write code here that turns the phrase above into concrete actions
    throw new io.cucumber.java.PendingException();
}

at ✽.user launches browser and opens application(file:///D:/project1/orangehrm-automation/com.orangehrm.testing/./src/test/java/com/orangehrm/testing/featurefile/AdminUserManagement.feature:4)
]]>
    </error>
  </testcase> <!-- runScenario -->
  <testcase classname="com.orangehrm.testing.runner.runnerio" name="runScenario" time="0.011">
    <error message="The step &#039;user launches browser and opens application&#039; and 8 other step(s) are undefined.
You can implement these steps using the snippet(s) below:

@Given(&quot;user launches browser and opens application&quot;)
public void user_launches_browser_and_opens_application() {
    // Write code here that turns the phrase above into concrete actions
    throw new io.cucumber.java.PendingException();
}
@When(&quot;user enters valid username {string} and password {string}&quot;)
public void user_enters_valid_username_and_password(String string, String string2) {
    // Write code here that turns the phrase above into concrete actions
    throw new io.cucumber.java.PendingException();
}
@When(&quot;user clicks login button&quot;)
public void user_clicks_login_button() {
    // Write code here that turns the phrase above into concrete actions
    throw new io.cucumber.java.PendingException();
}
@Then(&quot;user should see dashboard page with all elements&quot;)
public void user_should_see_dashboard_page_with_all_elements() {
    // Write code here that turns the phrase above into concrete actions
    throw new io.cucumber.java.PendingException();
}
@When(&quot;user navigates to licenses&quot;)
public void user_navigates_to_licenses() {
    // Write code here that turns the phrase above into concrete actions
    throw new io.cucumber.java.PendingException();
}
@When(&quot;user clicks add button&quot;)
public void user_clicks_add_button() {
    // Write code here that turns the phrase above into concrete actions
    throw new io.cucumber.java.PendingException();
}
@When(&quot;user enters license name {string}&quot;)
public void user_enters_license_name(String string) {
    // Write code here that turns the phrase above into concrete actions
    throw new io.cucumber.java.PendingException();
}
@When(&quot;user clicks save button&quot;)
public void user_clicks_save_button() {
    // Write code here that turns the phrase above into concrete actions
    throw new io.cucumber.java.PendingException();
}
@Then(&quot;license should be added successfully&quot;)
public void license_should_be_added_successfully() {
    // Write code here that turns the phrase above into concrete actions
    throw new io.cucumber.java.PendingException();
}
" type="io.cucumber.testng.UndefinedStepException">
      <![CDATA[io.cucumber.testng.UndefinedStepException: The step 'user launches browser and opens application' and 8 other step(s) are undefined.
You can implement these steps using the snippet(s) below:

@Given("user launches browser and opens application")
public void user_launches_browser_and_opens_application() {
    // Write code here that turns the phrase above into concrete actions
    throw new io.cucumber.java.PendingException();
}
@When("user enters valid username {string} and password {string}")
public void user_enters_valid_username_and_password(String string, String string2) {
    // Write code here that turns the phrase above into concrete actions
    throw new io.cucumber.java.PendingException();
}
@When("user clicks login button")
public void user_clicks_login_button() {
    // Write code here that turns the phrase above into concrete actions
    throw new io.cucumber.java.PendingException();
}
@Then("user should see dashboard page with all elements")
public void user_should_see_dashboard_page_with_all_elements() {
    // Write code here that turns the phrase above into concrete actions
    throw new io.cucumber.java.PendingException();
}
@When("user navigates to licenses")
public void user_navigates_to_licenses() {
    // Write code here that turns the phrase above into concrete actions
    throw new io.cucumber.java.PendingException();
}
@When("user clicks add button")
public void user_clicks_add_button() {
    // Write code here that turns the phrase above into concrete actions
    throw new io.cucumber.java.PendingException();
}
@When("user enters license name {string}")
public void user_enters_license_name(String string) {
    // Write code here that turns the phrase above into concrete actions
    throw new io.cucumber.java.PendingException();
}
@When("user clicks save button")
public void user_clicks_save_button() {
    // Write code here that turns the phrase above into concrete actions
    throw new io.cucumber.java.PendingException();
}
@Then("license should be added successfully")
public void license_should_be_added_successfully() {
    // Write code here that turns the phrase above into concrete actions
    throw new io.cucumber.java.PendingException();
}

at ✽.user launches browser and opens application(file:///D:/project1/orangehrm-automation/com.orangehrm.testing/./src/test/java/com/orangehrm/testing/featurefile/AdminUserManagement.feature:4)
]]>
    </error>
  </testcase> <!-- runScenario -->
  <testcase classname="com.orangehrm.testing.runner.runnerio" name="runScenario" time="0.010">
    <error message="The step &#039;user launches browser and opens application&#039; and 8 other step(s) are undefined.
You can implement these steps using the snippet(s) below:

@Given(&quot;user launches browser and opens application&quot;)
public void user_launches_browser_and_opens_application() {
    // Write code here that turns the phrase above into concrete actions
    throw new io.cucumber.java.PendingException();
}
@When(&quot;user enters valid username {string} and password {string}&quot;)
public void user_enters_valid_username_and_password(String string, String string2) {
    // Write code here that turns the phrase above into concrete actions
    throw new io.cucumber.java.PendingException();
}
@When(&quot;user clicks login button&quot;)
public void user_clicks_login_button() {
    // Write code here that turns the phrase above into concrete actions
    throw new io.cucumber.java.PendingException();
}
@Then(&quot;user should see dashboard page with all elements&quot;)
public void user_should_see_dashboard_page_with_all_elements() {
    // Write code here that turns the phrase above into concrete actions
    throw new io.cucumber.java.PendingException();
}
@When(&quot;user navigates to nationalities&quot;)
public void user_navigates_to_nationalities() {
    // Write code here that turns the phrase above into concrete actions
    throw new io.cucumber.java.PendingException();
}
@When(&quot;user clicks add button&quot;)
public void user_clicks_add_button() {
    // Write code here that turns the phrase above into concrete actions
    throw new io.cucumber.java.PendingException();
}
@When(&quot;user enters nationality {string}&quot;)
public void user_enters_nationality(String string) {
    // Write code here that turns the phrase above into concrete actions
    throw new io.cucumber.java.PendingException();
}
@When(&quot;user clicks save button&quot;)
public void user_clicks_save_button() {
    // Write code here that turns the phrase above into concrete actions
    throw new io.cucumber.java.PendingException();
}
@Then(&quot;nationality should be added successfully&quot;)
public void nationality_should_be_added_successfully() {
    // Write code here that turns the phrase above into concrete actions
    throw new io.cucumber.java.PendingException();
}
" type="io.cucumber.testng.UndefinedStepException">
      <![CDATA[io.cucumber.testng.UndefinedStepException: The step 'user launches browser and opens application' and 8 other step(s) are undefined.
You can implement these steps using the snippet(s) below:

@Given("user launches browser and opens application")
public void user_launches_browser_and_opens_application() {
    // Write code here that turns the phrase above into concrete actions
    throw new io.cucumber.java.PendingException();
}
@When("user enters valid username {string} and password {string}")
public void user_enters_valid_username_and_password(String string, String string2) {
    // Write code here that turns the phrase above into concrete actions
    throw new io.cucumber.java.PendingException();
}
@When("user clicks login button")
public void user_clicks_login_button() {
    // Write code here that turns the phrase above into concrete actions
    throw new io.cucumber.java.PendingException();
}
@Then("user should see dashboard page with all elements")
public void user_should_see_dashboard_page_with_all_elements() {
    // Write code here that turns the phrase above into concrete actions
    throw new io.cucumber.java.PendingException();
}
@When("user navigates to nationalities")
public void user_navigates_to_nationalities() {
    // Write code here that turns the phrase above into concrete actions
    throw new io.cucumber.java.PendingException();
}
@When("user clicks add button")
public void user_clicks_add_button() {
    // Write code here that turns the phrase above into concrete actions
    throw new io.cucumber.java.PendingException();
}
@When("user enters nationality {string}")
public void user_enters_nationality(String string) {
    // Write code here that turns the phrase above into concrete actions
    throw new io.cucumber.java.PendingException();
}
@When("user clicks save button")
public void user_clicks_save_button() {
    // Write code here that turns the phrase above into concrete actions
    throw new io.cucumber.java.PendingException();
}
@Then("nationality should be added successfully")
public void nationality_should_be_added_successfully() {
    // Write code here that turns the phrase above into concrete actions
    throw new io.cucumber.java.PendingException();
}

at ✽.user launches browser and opens application(file:///D:/project1/orangehrm-automation/com.orangehrm.testing/./src/test/java/com/orangehrm/testing/featurefile/AdminUserManagement.feature:4)
]]>
    </error>
  </testcase> <!-- runScenario -->
  <testcase classname="com.orangehrm.testing.runner.runnerio" name="runScenario" time="0.017">
    <error message="The step &#039;user launches browser and opens application&#039; and 11 other step(s) are undefined.
You can implement these steps using the snippet(s) below:

@Given(&quot;user launches browser and opens application&quot;)
public void user_launches_browser_and_opens_application() {
    // Write code here that turns the phrase above into concrete actions
    throw new io.cucumber.java.PendingException();
}
@When(&quot;user enters valid username {string} and password {string}&quot;)
public void user_enters_valid_username_and_password(String string, String string2) {
    // Write code here that turns the phrase above into concrete actions
    throw new io.cucumber.java.PendingException();
}
@When(&quot;user clicks login button&quot;)
public void user_clicks_login_button() {
    // Write code here that turns the phrase above into concrete actions
    throw new io.cucumber.java.PendingException();
}
@Then(&quot;user should see dashboard page with all elements&quot;)
public void user_should_see_dashboard_page_with_all_elements() {
    // Write code here that turns the phrase above into concrete actions
    throw new io.cucumber.java.PendingException();
}
@When(&quot;user navigates to locations&quot;)
public void user_navigates_to_locations() {
    // Write code here that turns the phrase above into concrete actions
    throw new io.cucumber.java.PendingException();
}
@When(&quot;user clicks add button&quot;)
public void user_clicks_add_button() {
    // Write code here that turns the phrase above into concrete actions
    throw new io.cucumber.java.PendingException();
}
@When(&quot;user enters location name {string}&quot;)
public void user_enters_location_name(String string) {
    // Write code here that turns the phrase above into concrete actions
    throw new io.cucumber.java.PendingException();
}
@When(&quot;user selects country {string}&quot;)
public void user_selects_country(String string) {
    // Write code here that turns the phrase above into concrete actions
    throw new io.cucumber.java.PendingException();
}
@When(&quot;user enters city {string}&quot;)
public void user_enters_city(String string) {
    // Write code here that turns the phrase above into concrete actions
    throw new io.cucumber.java.PendingException();
}
@When(&quot;user enters address {string}&quot;)
public void user_enters_address(String string) {
    // Write code here that turns the phrase above into concrete actions
    throw new io.cucumber.java.PendingException();
}
@When(&quot;user clicks save button&quot;)
public void user_clicks_save_button() {
    // Write code here that turns the phrase above into concrete actions
    throw new io.cucumber.java.PendingException();
}
@Then(&quot;location should be added successfully&quot;)
public void location_should_be_added_successfully() {
    // Write code here that turns the phrase above into concrete actions
    throw new io.cucumber.java.PendingException();
}
" type="io.cucumber.testng.UndefinedStepException">
      <![CDATA[io.cucumber.testng.UndefinedStepException: The step 'user launches browser and opens application' and 11 other step(s) are undefined.
You can implement these steps using the snippet(s) below:

@Given("user launches browser and opens application")
public void user_launches_browser_and_opens_application() {
    // Write code here that turns the phrase above into concrete actions
    throw new io.cucumber.java.PendingException();
}
@When("user enters valid username {string} and password {string}")
public void user_enters_valid_username_and_password(String string, String string2) {
    // Write code here that turns the phrase above into concrete actions
    throw new io.cucumber.java.PendingException();
}
@When("user clicks login button")
public void user_clicks_login_button() {
    // Write code here that turns the phrase above into concrete actions
    throw new io.cucumber.java.PendingException();
}
@Then("user should see dashboard page with all elements")
public void user_should_see_dashboard_page_with_all_elements() {
    // Write code here that turns the phrase above into concrete actions
    throw new io.cucumber.java.PendingException();
}
@When("user navigates to locations")
public void user_navigates_to_locations() {
    // Write code here that turns the phrase above into concrete actions
    throw new io.cucumber.java.PendingException();
}
@When("user clicks add button")
public void user_clicks_add_button() {
    // Write code here that turns the phrase above into concrete actions
    throw new io.cucumber.java.PendingException();
}
@When("user enters location name {string}")
public void user_enters_location_name(String string) {
    // Write code here that turns the phrase above into concrete actions
    throw new io.cucumber.java.PendingException();
}
@When("user selects country {string}")
public void user_selects_country(String string) {
    // Write code here that turns the phrase above into concrete actions
    throw new io.cucumber.java.PendingException();
}
@When("user enters city {string}")
public void user_enters_city(String string) {
    // Write code here that turns the phrase above into concrete actions
    throw new io.cucumber.java.PendingException();
}
@When("user enters address {string}")
public void user_enters_address(String string) {
    // Write code here that turns the phrase above into concrete actions
    throw new io.cucumber.java.PendingException();
}
@When("user clicks save button")
public void user_clicks_save_button() {
    // Write code here that turns the phrase above into concrete actions
    throw new io.cucumber.java.PendingException();
}
@Then("location should be added successfully")
public void location_should_be_added_successfully() {
    // Write code here that turns the phrase above into concrete actions
    throw new io.cucumber.java.PendingException();
}

at ✽.user launches browser and opens application(file:///D:/project1/orangehrm-automation/com.orangehrm.testing/./src/test/java/com/orangehrm/testing/featurefile/AdminUserManagement.feature:4)
]]>
    </error>
  </testcase> <!-- runScenario -->
  <testcase classname="com.orangehrm.testing.runner.runnerio" name="runScenario" time="0.024">
    <error message="The step &#039;user launches browser and opens application&#039; and 11 other step(s) are undefined.
You can implement these steps using the snippet(s) below:

@Given(&quot;user launches browser and opens application&quot;)
public void user_launches_browser_and_opens_application() {
    // Write code here that turns the phrase above into concrete actions
    throw new io.cucumber.java.PendingException();
}
@When(&quot;user enters valid username {string} and password {string}&quot;)
public void user_enters_valid_username_and_password(String string, String string2) {
    // Write code here that turns the phrase above into concrete actions
    throw new io.cucumber.java.PendingException();
}
@When(&quot;user clicks login button&quot;)
public void user_clicks_login_button() {
    // Write code here that turns the phrase above into concrete actions
    throw new io.cucumber.java.PendingException();
}
@Then(&quot;user should see dashboard page with all elements&quot;)
public void user_should_see_dashboard_page_with_all_elements() {
    // Write code here that turns the phrase above into concrete actions
    throw new io.cucumber.java.PendingException();
}
@When(&quot;user navigates to job titles&quot;)
public void user_navigates_to_job_titles() {
    // Write code here that turns the phrase above into concrete actions
    throw new io.cucumber.java.PendingException();
}
@When(&quot;user clicks add button&quot;)
public void user_clicks_add_button() {
    // Write code here that turns the phrase above into concrete actions
    throw new io.cucumber.java.PendingException();
}
@When(&quot;user enters job title {string}&quot;)
public void user_enters_job_title(String string) {
    // Write code here that turns the phrase above into concrete actions
    throw new io.cucumber.java.PendingException();
}
@When(&quot;user enters job description {string}&quot;)
public void user_enters_job_description(String string) {
    // Write code here that turns the phrase above into concrete actions
    throw new io.cucumber.java.PendingException();
}
@When(&quot;user uploads job specification file {string}&quot;)
public void user_uploads_job_specification_file(String string) {
    // Write code here that turns the phrase above into concrete actions
    throw new io.cucumber.java.PendingException();
}
@When(&quot;user adds job note {string}&quot;)
public void user_adds_job_note(String string) {
    // Write code here that turns the phrase above into concrete actions
    throw new io.cucumber.java.PendingException();
}
@When(&quot;user clicks save button&quot;)
public void user_clicks_save_button() {
    // Write code here that turns the phrase above into concrete actions
    throw new io.cucumber.java.PendingException();
}
@Then(&quot;job title should be added successfully&quot;)
public void job_title_should_be_added_successfully() {
    // Write code here that turns the phrase above into concrete actions
    throw new io.cucumber.java.PendingException();
}
" type="io.cucumber.testng.UndefinedStepException">
      <![CDATA[io.cucumber.testng.UndefinedStepException: The step 'user launches browser and opens application' and 11 other step(s) are undefined.
You can implement these steps using the snippet(s) below:

@Given("user launches browser and opens application")
public void user_launches_browser_and_opens_application() {
    // Write code here that turns the phrase above into concrete actions
    throw new io.cucumber.java.PendingException();
}
@When("user enters valid username {string} and password {string}")
public void user_enters_valid_username_and_password(String string, String string2) {
    // Write code here that turns the phrase above into concrete actions
    throw new io.cucumber.java.PendingException();
}
@When("user clicks login button")
public void user_clicks_login_button() {
    // Write code here that turns the phrase above into concrete actions
    throw new io.cucumber.java.PendingException();
}
@Then("user should see dashboard page with all elements")
public void user_should_see_dashboard_page_with_all_elements() {
    // Write code here that turns the phrase above into concrete actions
    throw new io.cucumber.java.PendingException();
}
@When("user navigates to job titles")
public void user_navigates_to_job_titles() {
    // Write code here that turns the phrase above into concrete actions
    throw new io.cucumber.java.PendingException();
}
@When("user clicks add button")
public void user_clicks_add_button() {
    // Write code here that turns the phrase above into concrete actions
    throw new io.cucumber.java.PendingException();
}
@When("user enters job title {string}")
public void user_enters_job_title(String string) {
    // Write code here that turns the phrase above into concrete actions
    throw new io.cucumber.java.PendingException();
}
@When("user enters job description {string}")
public void user_enters_job_description(String string) {
    // Write code here that turns the phrase above into concrete actions
    throw new io.cucumber.java.PendingException();
}
@When("user uploads job specification file {string}")
public void user_uploads_job_specification_file(String string) {
    // Write code here that turns the phrase above into concrete actions
    throw new io.cucumber.java.PendingException();
}
@When("user adds job note {string}")
public void user_adds_job_note(String string) {
    // Write code here that turns the phrase above into concrete actions
    throw new io.cucumber.java.PendingException();
}
@When("user clicks save button")
public void user_clicks_save_button() {
    // Write code here that turns the phrase above into concrete actions
    throw new io.cucumber.java.PendingException();
}
@Then("job title should be added successfully")
public void job_title_should_be_added_successfully() {
    // Write code here that turns the phrase above into concrete actions
    throw new io.cucumber.java.PendingException();
}

at ✽.user launches browser and opens application(file:///D:/project1/orangehrm-automation/com.orangehrm.testing/./src/test/java/com/orangehrm/testing/featurefile/AdminUserManagement.feature:4)
]]>
    </error>
  </testcase> <!-- runScenario -->
  <testcase classname="com.orangehrm.testing.runner.runnerio" name="runScenario" time="0.012">
    <error message="The step &#039;user launches browser and opens application&#039; and 9 other step(s) are undefined.
You can implement these steps using the snippet(s) below:

@Given(&quot;user launches browser and opens application&quot;)
public void user_launches_browser_and_opens_application() {
    // Write code here that turns the phrase above into concrete actions
    throw new io.cucumber.java.PendingException();
}
@When(&quot;user enters valid username {string} and password {string}&quot;)
public void user_enters_valid_username_and_password(String string, String string2) {
    // Write code here that turns the phrase above into concrete actions
    throw new io.cucumber.java.PendingException();
}
@When(&quot;user clicks login button&quot;)
public void user_clicks_login_button() {
    // Write code here that turns the phrase above into concrete actions
    throw new io.cucumber.java.PendingException();
}
@Then(&quot;user should see dashboard page with all elements&quot;)
public void user_should_see_dashboard_page_with_all_elements() {
    // Write code here that turns the phrase above into concrete actions
    throw new io.cucumber.java.PendingException();
}
@When(&quot;user navigates to skills&quot;)
public void user_navigates_to_skills() {
    // Write code here that turns the phrase above into concrete actions
    throw new io.cucumber.java.PendingException();
}
@When(&quot;user clicks add button&quot;)
public void user_clicks_add_button() {
    // Write code here that turns the phrase above into concrete actions
    throw new io.cucumber.java.PendingException();
}
@When(&quot;user enters skill name {string}&quot;)
public void user_enters_skill_name(String string) {
    // Write code here that turns the phrase above into concrete actions
    throw new io.cucumber.java.PendingException();
}
@When(&quot;user enters skill description {string}&quot;)
public void user_enters_skill_description(String string) {
    // Write code here that turns the phrase above into concrete actions
    throw new io.cucumber.java.PendingException();
}
@When(&quot;user clicks save button&quot;)
public void user_clicks_save_button() {
    // Write code here that turns the phrase above into concrete actions
    throw new io.cucumber.java.PendingException();
}
@Then(&quot;skill should be added successfully&quot;)
public void skill_should_be_added_successfully() {
    // Write code here that turns the phrase above into concrete actions
    throw new io.cucumber.java.PendingException();
}
" type="io.cucumber.testng.UndefinedStepException">
      <![CDATA[io.cucumber.testng.UndefinedStepException: The step 'user launches browser and opens application' and 9 other step(s) are undefined.
You can implement these steps using the snippet(s) below:

@Given("user launches browser and opens application")
public void user_launches_browser_and_opens_application() {
    // Write code here that turns the phrase above into concrete actions
    throw new io.cucumber.java.PendingException();
}
@When("user enters valid username {string} and password {string}")
public void user_enters_valid_username_and_password(String string, String string2) {
    // Write code here that turns the phrase above into concrete actions
    throw new io.cucumber.java.PendingException();
}
@When("user clicks login button")
public void user_clicks_login_button() {
    // Write code here that turns the phrase above into concrete actions
    throw new io.cucumber.java.PendingException();
}
@Then("user should see dashboard page with all elements")
public void user_should_see_dashboard_page_with_all_elements() {
    // Write code here that turns the phrase above into concrete actions
    throw new io.cucumber.java.PendingException();
}
@When("user navigates to skills")
public void user_navigates_to_skills() {
    // Write code here that turns the phrase above into concrete actions
    throw new io.cucumber.java.PendingException();
}
@When("user clicks add button")
public void user_clicks_add_button() {
    // Write code here that turns the phrase above into concrete actions
    throw new io.cucumber.java.PendingException();
}
@When("user enters skill name {string}")
public void user_enters_skill_name(String string) {
    // Write code here that turns the phrase above into concrete actions
    throw new io.cucumber.java.PendingException();
}
@When("user enters skill description {string}")
public void user_enters_skill_description(String string) {
    // Write code here that turns the phrase above into concrete actions
    throw new io.cucumber.java.PendingException();
}
@When("user clicks save button")
public void user_clicks_save_button() {
    // Write code here that turns the phrase above into concrete actions
    throw new io.cucumber.java.PendingException();
}
@Then("skill should be added successfully")
public void skill_should_be_added_successfully() {
    // Write code here that turns the phrase above into concrete actions
    throw new io.cucumber.java.PendingException();
}

at ✽.user launches browser and opens application(file:///D:/project1/orangehrm-automation/com.orangehrm.testing/./src/test/java/com/orangehrm/testing/featurefile/AdminUserManagement.feature:4)
]]>
    </error>
  </testcase> <!-- runScenario -->
  <testcase classname="com.orangehrm.testing.runner.runnerio" name="runScenario" time="0.280">
    <error message="The step &#039;user launches browser and opens application&#039; and 12 other step(s) are undefined.
You can implement these steps using the snippet(s) below:

@Given(&quot;user launches browser and opens application&quot;)
public void user_launches_browser_and_opens_application() {
    // Write code here that turns the phrase above into concrete actions
    throw new io.cucumber.java.PendingException();
}
@When(&quot;user enters valid username {string} and password {string}&quot;)
public void user_enters_valid_username_and_password(String string, String string2) {
    // Write code here that turns the phrase above into concrete actions
    throw new io.cucumber.java.PendingException();
}
@When(&quot;user clicks login button&quot;)
public void user_clicks_login_button() {
    // Write code here that turns the phrase above into concrete actions
    throw new io.cucumber.java.PendingException();
}
@Then(&quot;user should see dashboard page with all elements&quot;)
public void user_should_see_dashboard_page_with_all_elements() {
    // Write code here that turns the phrase above into concrete actions
    throw new io.cucumber.java.PendingException();
}
@When(&quot;user clicks add button&quot;)
public void user_clicks_add_button() {
    // Write code here that turns the phrase above into concrete actions
    throw new io.cucumber.java.PendingException();
}
@When(&quot;user selects user role {string}&quot;)
public void user_selects_user_role(String string) {
    // Write code here that turns the phrase above into concrete actions
    throw new io.cucumber.java.PendingException();
}
@When(&quot;user enters employee name {string}&quot;)
public void user_enters_employee_name(String string) {
    // Write code here that turns the phrase above into concrete actions
    throw new io.cucumber.java.PendingException();
}
@When(&quot;user selects status {string}&quot;)
public void user_selects_status(String string) {
    // Write code here that turns the phrase above into concrete actions
    throw new io.cucumber.java.PendingException();
}
@When(&quot;user enters username {string}&quot;)
public void user_enters_username(String string) {
    // Write code here that turns the phrase above into concrete actions
    throw new io.cucumber.java.PendingException();
}
@When(&quot;user enters password {string}&quot;)
public void user_enters_password(String string) {
    // Write code here that turns the phrase above into concrete actions
    throw new io.cucumber.java.PendingException();
}
@When(&quot;user enters confirm password {string}&quot;)
public void user_enters_confirm_password(String string) {
    // Write code here that turns the phrase above into concrete actions
    throw new io.cucumber.java.PendingException();
}
@When(&quot;user clicks save button&quot;)
public void user_clicks_save_button() {
    // Write code here that turns the phrase above into concrete actions
    throw new io.cucumber.java.PendingException();
}
@Then(&quot;user should be added successfully&quot;)
public void user_should_be_added_successfully() {
    // Write code here that turns the phrase above into concrete actions
    throw new io.cucumber.java.PendingException();
}
" type="io.cucumber.testng.UndefinedStepException">
      <![CDATA[io.cucumber.testng.UndefinedStepException: The step 'user launches browser and opens application' and 12 other step(s) are undefined.
You can implement these steps using the snippet(s) below:

@Given("user launches browser and opens application")
public void user_launches_browser_and_opens_application() {
    // Write code here that turns the phrase above into concrete actions
    throw new io.cucumber.java.PendingException();
}
@When("user enters valid username {string} and password {string}")
public void user_enters_valid_username_and_password(String string, String string2) {
    // Write code here that turns the phrase above into concrete actions
    throw new io.cucumber.java.PendingException();
}
@When("user clicks login button")
public void user_clicks_login_button() {
    // Write code here that turns the phrase above into concrete actions
    throw new io.cucumber.java.PendingException();
}
@Then("user should see dashboard page with all elements")
public void user_should_see_dashboard_page_with_all_elements() {
    // Write code here that turns the phrase above into concrete actions
    throw new io.cucumber.java.PendingException();
}
@When("user clicks add button")
public void user_clicks_add_button() {
    // Write code here that turns the phrase above into concrete actions
    throw new io.cucumber.java.PendingException();
}
@When("user selects user role {string}")
public void user_selects_user_role(String string) {
    // Write code here that turns the phrase above into concrete actions
    throw new io.cucumber.java.PendingException();
}
@When("user enters employee name {string}")
public void user_enters_employee_name(String string) {
    // Write code here that turns the phrase above into concrete actions
    throw new io.cucumber.java.PendingException();
}
@When("user selects status {string}")
public void user_selects_status(String string) {
    // Write code here that turns the phrase above into concrete actions
    throw new io.cucumber.java.PendingException();
}
@When("user enters username {string}")
public void user_enters_username(String string) {
    // Write code here that turns the phrase above into concrete actions
    throw new io.cucumber.java.PendingException();
}
@When("user enters password {string}")
public void user_enters_password(String string) {
    // Write code here that turns the phrase above into concrete actions
    throw new io.cucumber.java.PendingException();
}
@When("user enters confirm password {string}")
public void user_enters_confirm_password(String string) {
    // Write code here that turns the phrase above into concrete actions
    throw new io.cucumber.java.PendingException();
}
@When("user clicks save button")
public void user_clicks_save_button() {
    // Write code here that turns the phrase above into concrete actions
    throw new io.cucumber.java.PendingException();
}
@Then("user should be added successfully")
public void user_should_be_added_successfully() {
    // Write code here that turns the phrase above into concrete actions
    throw new io.cucumber.java.PendingException();
}

at ✽.user launches browser and opens application(file:///D:/project1/orangehrm-automation/com.orangehrm.testing/./src/test/java/com/orangehrm/testing/featurefile/AdminUserManagement.feature:4)
]]>
    </error>
  </testcase> <!-- runScenario -->
  <testcase classname="com.orangehrm.testing.runner.runnerio" name="runScenario" time="0.008">
    <error message="The step &#039;user launches browser and opens application&#039; and 8 other step(s) are undefined.
You can implement these steps using the snippet(s) below:

@Given(&quot;user launches browser and opens application&quot;)
public void user_launches_browser_and_opens_application() {
    // Write code here that turns the phrase above into concrete actions
    throw new io.cucumber.java.PendingException();
}
@When(&quot;user enters valid username {string} and password {string}&quot;)
public void user_enters_valid_username_and_password(String string, String string2) {
    // Write code here that turns the phrase above into concrete actions
    throw new io.cucumber.java.PendingException();
}
@When(&quot;user clicks login button&quot;)
public void user_clicks_login_button() {
    // Write code here that turns the phrase above into concrete actions
    throw new io.cucumber.java.PendingException();
}
@Then(&quot;user should see dashboard page with all elements&quot;)
public void user_should_see_dashboard_page_with_all_elements() {
    // Write code here that turns the phrase above into concrete actions
    throw new io.cucumber.java.PendingException();
}
@When(&quot;user navigates to memberships&quot;)
public void user_navigates_to_memberships() {
    // Write code here that turns the phrase above into concrete actions
    throw new io.cucumber.java.PendingException();
}
@When(&quot;user clicks add button&quot;)
public void user_clicks_add_button() {
    // Write code here that turns the phrase above into concrete actions
    throw new io.cucumber.java.PendingException();
}
@When(&quot;user enters membership name {string}&quot;)
public void user_enters_membership_name(String string) {
    // Write code here that turns the phrase above into concrete actions
    throw new io.cucumber.java.PendingException();
}
@When(&quot;user clicks save button&quot;)
public void user_clicks_save_button() {
    // Write code here that turns the phrase above into concrete actions
    throw new io.cucumber.java.PendingException();
}
@Then(&quot;membership should be added successfully&quot;)
public void membership_should_be_added_successfully() {
    // Write code here that turns the phrase above into concrete actions
    throw new io.cucumber.java.PendingException();
}
" type="io.cucumber.testng.UndefinedStepException">
      <![CDATA[io.cucumber.testng.UndefinedStepException: The step 'user launches browser and opens application' and 8 other step(s) are undefined.
You can implement these steps using the snippet(s) below:

@Given("user launches browser and opens application")
public void user_launches_browser_and_opens_application() {
    // Write code here that turns the phrase above into concrete actions
    throw new io.cucumber.java.PendingException();
}
@When("user enters valid username {string} and password {string}")
public void user_enters_valid_username_and_password(String string, String string2) {
    // Write code here that turns the phrase above into concrete actions
    throw new io.cucumber.java.PendingException();
}
@When("user clicks login button")
public void user_clicks_login_button() {
    // Write code here that turns the phrase above into concrete actions
    throw new io.cucumber.java.PendingException();
}
@Then("user should see dashboard page with all elements")
public void user_should_see_dashboard_page_with_all_elements() {
    // Write code here that turns the phrase above into concrete actions
    throw new io.cucumber.java.PendingException();
}
@When("user navigates to memberships")
public void user_navigates_to_memberships() {
    // Write code here that turns the phrase above into concrete actions
    throw new io.cucumber.java.PendingException();
}
@When("user clicks add button")
public void user_clicks_add_button() {
    // Write code here that turns the phrase above into concrete actions
    throw new io.cucumber.java.PendingException();
}
@When("user enters membership name {string}")
public void user_enters_membership_name(String string) {
    // Write code here that turns the phrase above into concrete actions
    throw new io.cucumber.java.PendingException();
}
@When("user clicks save button")
public void user_clicks_save_button() {
    // Write code here that turns the phrase above into concrete actions
    throw new io.cucumber.java.PendingException();
}
@Then("membership should be added successfully")
public void membership_should_be_added_successfully() {
    // Write code here that turns the phrase above into concrete actions
    throw new io.cucumber.java.PendingException();
}

at ✽.user launches browser and opens application(file:///D:/project1/orangehrm-automation/com.orangehrm.testing/./src/test/java/com/orangehrm/testing/featurefile/AdminUserManagement.feature:4)
]]>
    </error>
  </testcase> <!-- runScenario -->
</testsuite> <!-- com.orangehrm.testing.runner.runnerio -->
