<?xml version="1.0" encoding="UTF-8"?>
<!-- Generated by org.testng.reporters.JUnitReportReporter -->
<testsuite hostname="KUMARESAN" failures="0" tests="2" name="com.orangehrm.testing.runner.RunnerIo" time="29.404" errors="0" timestamp="2026-04-17T14:13:11 IST" skipped="0">
  <testcase classname="com.orangehrm.testing.runner.RunnerIo" name="runScenario" time="15.153"/>
  <testcase classname="com.orangehrm.testing.runner.RunnerIo" name="runScenario" time="14.251"/>
</testsuite> <!-- com.orangehrm.testing.runner.RunnerIo -->
