<?xml version="1.0" encoding="UTF-8"?>
<!-- Generated by org.testng.reporters.JUnitXMLReporter -->
<testsuite ignored="0" hostname="LAPTOP-5C8BGAIT" failures="3" tests="7" name="Time Module Tests" time="44.666" errors="0" timestamp="2026-04-18T17:28:06 IST">
  <testcase classname="io.cucumber.testng.AbstractTestNGCucumberTests" name="runScenario" time="26.368"/>
  <testcase classname="io.cucumber.testng.AbstractTestNGCucumberTests" name="runScenario" time="31.345"/>
  <testcase classname="io.cucumber.testng.AbstractTestNGCucumberTests" name="runScenario" time="33.72"/>
  <testcase classname="io.cucumber.testng.AbstractTestNGCucumberTests" name="runScenario" time="34.795">
    <failure type="java.lang.AssertionError" message="Project not saved. Actual:  expected [true] but found [false]">
      <![CDATA[java.lang.AssertionError: Project not saved. Actual:  expected [true] but found [false]
at com.orangehrm.testing.stepdefinition.Time.verifyProjectAdded(Time.java:244)
at ✽.project should be saved successfully(file:///C:/cap%20training/orangehrm-automation/com.orangehrm.testing/src/test/java/com/orangehrm/testing/featurefile/timefeatureFile.feature:25)
... Removed 3 stack frames]]>
    </failure>
  </testcase> <!-- runScenario -->
  <testcase classname="io.cucumber.testng.AbstractTestNGCucumberTests" name="runScenario" time="37.481">
    <failure type="java.lang.AssertionError" message="Project not saved. Actual:  expected [true] but found [false]">
      <![CDATA[java.lang.AssertionError: Project not saved. Actual:  expected [true] but found [false]
at com.orangehrm.testing.stepdefinition.Time.verifyProjectAdded(Time.java:244)
at ✽.project should be saved successfully(file:///C:/cap%20training/orangehrm-automation/com.orangehrm.testing/src/test/java/com/orangehrm/testing/featurefile/timefeatureFile.feature:25)
... Removed 3 stack frames]]>
    </failure>
  </testcase> <!-- runScenario -->
  <testcase classname="io.cucumber.testng.AbstractTestNGCucumberTests" name="runScenario" time="38.097">
    <failure type="java.lang.AssertionError" message="Punch In failed. Actual: Success expected [true] but found [false]">
      <![CDATA[java.lang.AssertionError: Punch In failed. Actual: Success expected [true] but found [false]
at com.orangehrm.testing.stepdefinition.Time.verifyPunchIn(Time.java:175)
at ✽.PunchIn should be saved sucessfully(file:///C:/cap%20training/orangehrm-automation/com.orangehrm.testing/src/test/java/com/orangehrm/testing/featurefile/timefeatureFile.feature:10)
... Removed 3 stack frames]]>
    </failure>
  </testcase> <!-- runScenario -->
  <testcase classname="io.cucumber.testng.AbstractTestNGCucumberTests" name="runScenario" time="44.194"/>
</testsuite> <!-- Time Module Tests -->
